#
# There is insufficient memory for the Java Runtime Environment to continue.
# Native memory allocation (malloc) failed to allocate 1176976 bytes for Chunk::new
# Possible reasons:
#   The system is out of physical RAM or swap space
#   The process is running with CompressedOops enabled, and the Java Heap may be blocking the growth of the native heap
# Possible solutions:
#   Reduce memory load on the system
#   Increase physical memory or swap space
#   Check if swap backing store is full
#   Decrease Java heap size (-Xmx/-Xms)
#   Decrease number of Java threads
#   Decrease Java thread stack sizes (-Xss)
#   Set larger code cache with -XX:ReservedCodeCacheSize=
#   JVM is running with Unscaled Compressed Oops mode in which the Java heap is
#     placed in the first 4GB address space. The Java Heap base address is the
#     maximum limit for the native heap growth. Please use -XX:HeapBaseMinAddress
#     to set the Java Heap base and to place the Java Heap above 4GB virtual address.
# This output file may be truncated or incomplete.
#
#  Out of Memory Error (arena.cpp:191), pid=3056, tid=20112
#
# JRE version: OpenJDK Runtime Environment Temurin-17.0.10+7 (17.0.10+7) (build 17.0.10+7)
# Java VM: OpenJDK 64-Bit Server VM Temurin-17.0.10+7 (17.0.10+7, mixed mode, tiered, compressed oops, compressed class ptrs, parallel gc, windows-amd64)
# No core dump will be written. Minidumps are not enabled by default on client versions of Windows
#

---------------  S U M M A R Y ------------

Command Line: --add-modules=ALL-SYSTEM --add-opens=java.base/java.util=ALL-UNNAMED --add-opens=java.base/java.lang=ALL-UNNAMED --add-opens=java.base/sun.nio.fs=ALL-UNNAMED -Declipse.application=org.eclipse.jdt.ls.core.id1 -Dosgi.bundles.defaultStartLevel=4 -Declipse.product=org.eclipse.jdt.ls.core.product -Djava.import.generatesMetadataFilesAtProjectRoot=false -DDetectVMInstallationsJob.disabled=true -Dfile.encoding=utf8 -XX:+UseParallelGC -XX:GCTimeRatio=4 -XX:AdaptiveSizePolicyWeight=90 -Dsun.zip.disableMemoryMapping=true -Xmx1G -Xms100m -Xlog:disable -javaagent:c:\Users\aluno.LABINFO\.vscode\extensions\redhat.java-1.29.0-win32-x64\lombok\lombok-1.18.32.jar c:\Users\aluno.LABINFO\.vscode\extensions\redhat.java-1.29.0-win32-x64\server\plugins\org.eclipse.equinox.launcher_1.6.800.v20240304-1850.jar -configuration c:\Users\aluno.LABINFO\AppData\Roaming\Code\User\globalStorage\redhat.java\1.29.0\config_ss_win -data c:\Users\aluno.LABINFO\AppData\Roaming\Code\User\workspaceStorage\c34bc353fe1a28a47b0c43840b41ac94\redhat.java\ss_ws --stdio

Host: 11th Gen Intel(R) Core(TM) i5-1135G7 @ 2.40GHz, 8 cores, 7G,  Windows 10 , 64 bit Build 19041 (10.0.19041.3636)
Time: Wed Apr 17 21:36:50 2024 Hora oficial do Brasil elapsed time: 2.171886 seconds (0d 0h 0m 2s)

---------------  T H R E A D  ---------------

Current thread (0x0000028728d46a50):  JavaThread "C2 CompilerThread0" daemon [_thread_in_native, id=20112, stack(0x000000ed74600000,0x000000ed74700000)]


Current CompileTask:
C2:   2171 2345       4       org.lombokweb.asm.ClassReader::readMethod (1066 bytes)

Stack: [0x000000ed74600000,0x000000ed74700000]
Native frames: (J=compiled Java code, j=interpreted, Vv=VM code, C=native code)
V  [jvm.dll+0x67d2c9]
V  [jvm.dll+0x834afa]
V  [jvm.dll+0x8365be]
V  [jvm.dll+0x836c23]
V  [jvm.dll+0x2477ff]
V  [jvm.dll+0xac514]
V  [jvm.dll+0xacb5c]
V  [jvm.dll+0x366782]
V  [jvm.dll+0x330bfa]
V  [jvm.dll+0x33009a]
V  [jvm.dll+0x219ef1]
V  [jvm.dll+0x219311]
V  [jvm.dll+0x1a502d]
V  [jvm.dll+0x2290de]
V  [jvm.dll+0x2272ac]
V  [jvm.dll+0x7e9bb7]
V  [jvm.dll+0x7e3fba]
V  [jvm.dll+0x67c1b5]
C  [ucrtbase.dll+0x21bb2]
C  [KERNEL32.DLL+0x17344]
C  [ntdll.dll+0x526b1]


---------------  P R O C E S S  ---------------

Threads class SMR info:
_java_thread_list=0x000002872a6f7da0, length=22, elements={
0x000002870dca97b0, 0x0000028723a8d5a0, 0x0000028723a8ea90, 0x0000028728d3b560,
0x0000028728d3be30, 0x0000028728d3d0b0, 0x0000028728d3f740, 0x0000028728d46a50,
0x0000028728d47bb0, 0x0000028728d4a8e0, 0x0000028728dd5070, 0x0000028728f166e0,
0x0000028728dd18c0, 0x0000028728dd1dd0, 0x0000028728dd22e0, 0x0000028728dd27f0,
0x0000028728dd2d00, 0x0000028728dd3210, 0x0000028728dd3c30, 0x0000028728dd3720,
0x0000028728dd4b60, 0x0000028728f17c20
}

Java Threads: ( => current thread )
  0x000002870dca97b0 JavaThread "main" [_thread_blocked, id=1160, stack(0x000000ed73d00000,0x000000ed73e00000)]
  0x0000028723a8d5a0 JavaThread "Reference Handler" daemon [_thread_blocked, id=6736, stack(0x000000ed74000000,0x000000ed74100000)]
  0x0000028723a8ea90 JavaThread "Finalizer" daemon [_thread_blocked, id=12444, stack(0x000000ed74100000,0x000000ed74200000)]
  0x0000028728d3b560 JavaThread "Signal Dispatcher" daemon [_thread_blocked, id=12040, stack(0x000000ed74200000,0x000000ed74300000)]
  0x0000028728d3be30 JavaThread "Attach Listener" daemon [_thread_blocked, id=18536, stack(0x000000ed74300000,0x000000ed74400000)]
  0x0000028728d3d0b0 JavaThread "Service Thread" daemon [_thread_blocked, id=18728, stack(0x000000ed74400000,0x000000ed74500000)]
  0x0000028728d3f740 JavaThread "Monitor Deflation Thread" daemon [_thread_blocked, id=6944, stack(0x000000ed74500000,0x000000ed74600000)]
=>0x0000028728d46a50 JavaThread "C2 CompilerThread0" daemon [_thread_in_native, id=20112, stack(0x000000ed74600000,0x000000ed74700000)]
  0x0000028728d47bb0 JavaThread "C1 CompilerThread0" daemon [_thread_blocked, id=3084, stack(0x000000ed74700000,0x000000ed74800000)]
  0x0000028728d4a8e0 JavaThread "Sweeper thread" daemon [_thread_blocked, id=6696, stack(0x000000ed74800000,0x000000ed74900000)]
  0x0000028728dd5070 JavaThread "Common-Cleaner" daemon [_thread_blocked, id=19964, stack(0x000000ed74900000,0x000000ed74a00000)]
  0x0000028728f166e0 JavaThread "C2 CompilerThread1" daemon [_thread_in_native, id=2620, stack(0x000000ed74a00000,0x000000ed74b00000)]
  0x0000028728dd18c0 JavaThread "Notification Thread" daemon [_thread_blocked, id=5348, stack(0x000000ed74b00000,0x000000ed74c00000)]
  0x0000028728dd1dd0 JavaThread "Active Thread: Equinox Container: 083081d3-22ec-48c6-9924-208f684ade51" [_thread_blocked, id=14136, stack(0x000000ed75400000,0x000000ed75500000)]
  0x0000028728dd22e0 JavaThread "Framework Event Dispatcher: Equinox Container: 083081d3-22ec-48c6-9924-208f684ade51" daemon [_thread_blocked, id=17656, stack(0x000000ed75500000,0x000000ed75600000)]
  0x0000028728dd27f0 JavaThread "Start Level: Equinox Container: 083081d3-22ec-48c6-9924-208f684ade51" daemon [_thread_in_vm, id=9044, stack(0x000000ed75600000,0x000000ed75700000)]
  0x0000028728dd2d00 JavaThread "SCR Component Actor" daemon [_thread_blocked, id=14360, stack(0x000000ed75700000,0x000000ed75800000)]
  0x0000028728dd3210 JavaThread "SCR Component Registry" daemon [_thread_blocked, id=16176, stack(0x000000ed74d00000,0x000000ed74e00000)]
  0x0000028728dd3c30 JavaThread "Worker-JM" [_thread_blocked, id=8400, stack(0x000000ed75900000,0x000000ed75a00000)]
  0x0000028728dd3720 JavaThread "Worker-0" [_thread_blocked, id=4092, stack(0x000000ed75a00000,0x000000ed75b00000)]
  0x0000028728dd4b60 JavaThread "Worker-1" [_thread_blocked, id=17128, stack(0x000000ed75b00000,0x000000ed75c00000)]
  0x0000028728f17c20 JavaThread "C2 CompilerThread2" daemon [_thread_in_native, id=13944, stack(0x000000ed75c00000,0x000000ed75d00000)]

Other Threads:
  0x0000028728cf0c20 VMThread "VM Thread" [stack: 0x000000ed73f00000,0x000000ed74000000] [id=16820]
  0x000002872907d610 WatcherThread [stack: 0x000000ed74c00000,0x000000ed74d00000] [id=14316]
  0x000002870dcc3670 GCTaskThread "GC Thread#0" [stack: 0x000000ed73e00000,0x000000ed73f00000] [id=18180]
  0x0000028729e50e90 GCTaskThread "GC Thread#1" [stack: 0x000000ed74e00000,0x000000ed74f00000] [id=12264]
  0x0000028729e51150 GCTaskThread "GC Thread#2" [stack: 0x000000ed74f00000,0x000000ed75000000] [id=12368]
  0x000002872a14ff80 GCTaskThread "GC Thread#3" [stack: 0x000000ed75000000,0x000000ed75100000] [id=12964]
  0x000002872a150240 GCTaskThread "GC Thread#4" [stack: 0x000000ed75100000,0x000000ed75200000] [id=9220]
  0x000002872a150500 GCTaskThread "GC Thread#5" [stack: 0x000000ed75200000,0x000000ed75300000] [id=4484]
  0x000002872a1507c0 GCTaskThread "GC Thread#6" [stack: 0x000000ed75300000,0x000000ed75400000] [id=9108]
  0x0000028729e11d50 GCTaskThread "GC Thread#7" [stack: 0x000000ed75800000,0x000000ed75900000] [id=12632]

Threads with active compile tasks:
C2 CompilerThread0     2196 2345       4       org.lombokweb.asm.ClassReader::readMethod (1066 bytes)
C2 CompilerThread1     2196 2397       4       org.lombokweb.asm.MethodWriter::putMethodInfo (1274 bytes)
C2 CompilerThread2     2196 2392       4       lombok.patcher.PatchScript$MethodPatcher::visitMethod (158 bytes)

VM state: not at safepoint (normal execution)

VM Mutex/Monitor currently owned by a thread: None

Heap address: 0x00000000c0000000, size: 1024 MB, Compressed Oops mode: 32-bit

CDS archive(s) not mapped
Compressed class space mapped at: 0x0000000100000000-0x0000000140000000, reserved size: 1073741824
Narrow klass base: 0x0000000000000000, Narrow klass shift: 3, Narrow klass range: 0x140000000

GC Precious Log:
 CPUs: 8 total, 8 available
 Memory: 7991M
 Large Page Support: Disabled
 NUMA Support: Disabled
 Compressed Oops: Enabled (32-bit)
 Alignments: Space 512K, Generation 512K, Heap 2M
 Heap Min Capacity: 100M
 Heap Initial Capacity: 100M
 Heap Max Capacity: 1G
 Pre-touch: Disabled
 Parallel Workers: 8

Heap:
 PSYoungGen      total 26112K, used 17474K [0x00000000eab00000, 0x00000000ec880000, 0x0000000100000000)
  eden space 25088K, 66% used [0x00000000eab00000,0x00000000ebb52688,0x00000000ec380000)
  from space 1024K, 74% used [0x00000000ec400000,0x00000000ec4be198,0x00000000ec500000)
  to   space 2560K, 0% used [0x00000000ec600000,0x00000000ec600000,0x00000000ec880000)
 ParOldGen       total 68608K, used 6795K [0x00000000c0000000, 0x00000000c4300000, 0x00000000eab00000)
  object space 68608K, 9% used [0x00000000c0000000,0x00000000c06a2e38,0x00000000c4300000)
 Metaspace       used 26719K, committed 27264K, reserved 1114112K
  class space    used 2607K, committed 2880K, reserved 1048576K

Card table byte_map: [0x0000028721300000,0x0000028721510000] _byte_map_base: 0x0000028720d00000

Marking Bits: (ParMarkBitMap*) 0x00007ffcac9fd7d0
 Begin Bits: [0x0000028721670000, 0x0000028722670000)
 End Bits:   [0x0000028722670000, 0x0000028723670000)

Polling page: 0x000002870dd60000

Metaspace:

Usage:
  Non-class:     23.55 MB used.
      Class:      2.55 MB used.
       Both:     26.09 MB used.

Virtual space:
  Non-class space:       64.00 MB reserved,      23.81 MB ( 37%) committed,  1 nodes.
      Class space:        1.00 GB reserved,       2.81 MB ( <1%) committed,  1 nodes.
             Both:        1.06 GB reserved,      26.62 MB (  2%) committed. 

Chunk freelists:
   Non-Class:  7.52 MB
       Class:  13.23 MB
        Both:  20.75 MB

MaxMetaspaceSize: unlimited
CompressedClassSpaceSize: 1.00 GB
Initial GC threshold: 21.00 MB
Current GC threshold: 35.00 MB
CDS: off
MetaspaceReclaimPolicy: balanced
 - commit_granule_bytes: 65536.
 - commit_granule_words: 8192.
 - virtual_space_node_default_size: 8388608.
 - enlarge_chunks_in_place: 1.
 - new_chunks_are_fully_committed: 0.
 - uncommit_free_chunks: 1.
 - use_allocation_guard: 0.
 - handle_deallocations: 1.


Internal statistics:

num_allocs_failed_limit: 3.
num_arena_births: 280.
num_arena_deaths: 14.
num_vsnodes_births: 2.
num_vsnodes_deaths: 0.
num_space_committed: 426.
num_space_uncommitted: 0.
num_chunks_returned_to_freelist: 17.
num_chunks_taken_from_freelist: 1001.
num_chunk_merges: 5.
num_chunk_splits: 658.
num_chunks_enlarged: 452.
num_inconsistent_stats: 0.

CodeHeap 'non-profiled nmethods': size=120000Kb used=1037Kb max_used=1037Kb free=118962Kb
 bounds [0x0000028719bf0000, 0x0000028719e60000, 0x0000028721120000]
CodeHeap 'profiled nmethods': size=120000Kb used=4647Kb max_used=4647Kb free=115352Kb
 bounds [0x0000028712120000, 0x00000287125b0000, 0x0000028719650000]
CodeHeap 'non-nmethods': size=5760Kb used=1232Kb max_used=1245Kb free=4527Kb
 bounds [0x0000028719650000, 0x00000287198c0000, 0x0000028719bf0000]
 total_blobs=2927 nmethods=2392 adapters=449
 compilation: enabled
              stopped_count=0, restarted_count=0
 full_count=0

Compilation events (20 events):
Event: 2.158 Thread 0x0000028728f166e0 2386       4       org.lombokweb.asm.MethodWriter::visitLabel (332 bytes)
Event: 2.161 Thread 0x0000028728f17c20 nmethod 2385 0x0000028719cf2010 code [0x0000028719cf21a0, 0x0000028719cf23d8]
Event: 2.161 Thread 0x0000028728d47bb0 nmethod 2384 0x000002871259e610 code [0x000002871259eb80, 0x00000287125a1408]
Event: 2.161 Thread 0x0000028728f17c20 2392       4       lombok.patcher.PatchScript$MethodPatcher::visitMethod (158 bytes)
Event: 2.161 Thread 0x0000028728d47bb0 2389       3       java.lang.String::split (327 bytes)
Event: 2.166 Thread 0x0000028728d47bb0 nmethod 2389 0x00000287125a2510 code [0x00000287125a2aa0, 0x00000287125a5d78]
Event: 2.166 Thread 0x0000028728f166e0 nmethod 2386 0x0000028719cf2590 code [0x0000028719cf2720, 0x0000028719cf2c98]
Event: 2.166 Thread 0x0000028728d47bb0 2390       3       org.lombokweb.asm.MethodWriter::visitMethodInsn (191 bytes)
Event: 2.166 Thread 0x0000028728f166e0 2393       4       org.lombokweb.asm.ByteVector::putByteArray (49 bytes)
Event: 2.166 Thread 0x0000028728d47bb0 nmethod 2390 0x00000287125a7010 code [0x00000287125a7240, 0x00000287125a7a48]
Event: 2.166 Thread 0x0000028728d47bb0 2394       3       java.util.Arrays::fill (21 bytes)
Event: 2.166 Thread 0x0000028728d47bb0 nmethod 2394 0x00000287125a7d90 code [0x00000287125a7f20, 0x00000287125a80d8]
Event: 2.166 Thread 0x0000028728d47bb0 2391       3       org.lombokweb.asm.SymbolTable::addConstantMethodref (24 bytes)
Event: 2.167 Thread 0x0000028728d47bb0 nmethod 2391 0x00000287125a8210 code [0x00000287125a83c0, 0x00000287125a8568]
Event: 2.167 Thread 0x0000028728d47bb0 2387   !   3       java.util.regex.Pattern::matcher (44 bytes)
Event: 2.167 Thread 0x0000028728f166e0 nmethod 2393 0x0000028719cf3090 code [0x0000028719cf3200, 0x0000028719cf3378]
Event: 2.167 Thread 0x0000028728f166e0 2397       4       org.lombokweb.asm.MethodWriter::putMethodInfo (1274 bytes)
Event: 2.167 Thread 0x0000028728d47bb0 nmethod 2387 0x00000287125a8610 code [0x00000287125a87c0, 0x00000287125a8b18]
Event: 2.167 Thread 0x0000028728d47bb0 2388       3       java.util.regex.Matcher::<init> (95 bytes)
Event: 2.167 Thread 0x0000028728d47bb0 nmethod 2388 0x00000287125a8c90 code [0x00000287125a8e60, 0x00000287125a9328]

GC Heap History (12 events):
Event: 0.548 GC heap before
{Heap before GC invocations=1 (full 0):
 PSYoungGen      total 29696K, used 25600K [0x00000000eab00000, 0x00000000ecc00000, 0x0000000100000000)
  eden space 25600K, 100% used [0x00000000eab00000,0x00000000ec400000,0x00000000ec400000)
  from space 4096K, 0% used [0x00000000ec800000,0x00000000ec800000,0x00000000ecc00000)
  to   space 4096K, 0% used [0x00000000ec400000,0x00000000ec400000,0x00000000ec800000)
 ParOldGen       total 68608K, used 0K [0x00000000c0000000, 0x00000000c4300000, 0x00000000eab00000)
  object space 68608K, 0% used [0x00000000c0000000,0x00000000c0000000,0x00000000c4300000)
 Metaspace       used 11004K, committed 11200K, reserved 1114112K
  class space    used 1098K, committed 1216K, reserved 1048576K
}
Event: 0.552 GC heap after
{Heap after GC invocations=1 (full 0):
 PSYoungGen      total 29696K, used 3156K [0x00000000eab00000, 0x00000000ecc00000, 0x0000000100000000)
  eden space 25600K, 0% used [0x00000000eab00000,0x00000000eab00000,0x00000000ec400000)
  from space 4096K, 77% used [0x00000000ec400000,0x00000000ec715278,0x00000000ec800000)
  to   space 4096K, 0% used [0x00000000ec800000,0x00000000ec800000,0x00000000ecc00000)
 ParOldGen       total 68608K, used 16K [0x00000000c0000000, 0x00000000c4300000, 0x00000000eab00000)
  object space 68608K, 0% used [0x00000000c0000000,0x00000000c0004000,0x00000000c4300000)
 Metaspace       used 11004K, committed 11200K, reserved 1114112K
  class space    used 1098K, committed 1216K, reserved 1048576K
}
Event: 1.128 GC heap before
{Heap before GC invocations=2 (full 0):
 PSYoungGen      total 29696K, used 28756K [0x00000000eab00000, 0x00000000ecc00000, 0x0000000100000000)
  eden space 25600K, 100% used [0x00000000eab00000,0x00000000ec400000,0x00000000ec400000)
  from space 4096K, 77% used [0x00000000ec400000,0x00000000ec715278,0x00000000ec800000)
  to   space 4096K, 0% used [0x00000000ec800000,0x00000000ec800000,0x00000000ecc00000)
 ParOldGen       total 68608K, used 16K [0x00000000c0000000, 0x00000000c4300000, 0x00000000eab00000)
  object space 68608K, 0% used [0x00000000c0000000,0x00000000c0004000,0x00000000c4300000)
 Metaspace       used 14801K, committed 15104K, reserved 1114112K
  class space    used 1499K, committed 1664K, reserved 1048576K
}
Event: 1.135 GC heap after
{Heap after GC invocations=2 (full 0):
 PSYoungGen      total 29696K, used 4083K [0x00000000eab00000, 0x00000000ecc00000, 0x0000000100000000)
  eden space 25600K, 0% used [0x00000000eab00000,0x00000000eab00000,0x00000000ec400000)
  from space 4096K, 99% used [0x00000000ec800000,0x00000000ecbfcf30,0x00000000ecc00000)
  to   space 4096K, 0% used [0x00000000ec400000,0x00000000ec400000,0x00000000ec800000)
 ParOldGen       total 68608K, used 758K [0x00000000c0000000, 0x00000000c4300000, 0x00000000eab00000)
  object space 68608K, 1% used [0x00000000c0000000,0x00000000c00bd820,0x00000000c4300000)
 Metaspace       used 14801K, committed 15104K, reserved 1114112K
  class space    used 1499K, committed 1664K, reserved 1048576K
}
Event: 1.671 GC heap before
{Heap before GC invocations=3 (full 0):
 PSYoungGen      total 29696K, used 29683K [0x00000000eab00000, 0x00000000ecc00000, 0x0000000100000000)
  eden space 25600K, 100% used [0x00000000eab00000,0x00000000ec400000,0x00000000ec400000)
  from space 4096K, 99% used [0x00000000ec800000,0x00000000ecbfcf30,0x00000000ecc00000)
  to   space 4096K, 0% used [0x00000000ec400000,0x00000000ec400000,0x00000000ec800000)
 ParOldGen       total 68608K, used 758K [0x00000000c0000000, 0x00000000c4300000, 0x00000000eab00000)
  object space 68608K, 1% used [0x00000000c0000000,0x00000000c00bd820,0x00000000c4300000)
 Metaspace       used 19758K, committed 20096K, reserved 1114112K
  class space    used 2022K, committed 2176K, reserved 1048576K
}
Event: 1.674 GC heap after
{Heap after GC invocations=3 (full 0):
 PSYoungGen      total 29696K, used 4074K [0x00000000eab00000, 0x00000000ecc00000, 0x0000000100000000)
  eden space 25600K, 0% used [0x00000000eab00000,0x00000000eab00000,0x00000000ec400000)
  from space 4096K, 99% used [0x00000000ec400000,0x00000000ec7fab00,0x00000000ec800000)
  to   space 4096K, 0% used [0x00000000ec800000,0x00000000ec800000,0x00000000ecc00000)
 ParOldGen       total 68608K, used 2445K [0x00000000c0000000, 0x00000000c4300000, 0x00000000eab00000)
  object space 68608K, 3% used [0x00000000c0000000,0x00000000c0263728,0x00000000c4300000)
 Metaspace       used 19758K, committed 20096K, reserved 1114112K
  class space    used 2022K, committed 2176K, reserved 1048576K
}
Event: 1.784 GC heap before
{Heap before GC invocations=4 (full 0):
 PSYoungGen      total 29696K, used 11594K [0x00000000eab00000, 0x00000000ecc00000, 0x0000000100000000)
  eden space 25600K, 29% used [0x00000000eab00000,0x00000000eb258088,0x00000000ec400000)
  from space 4096K, 99% used [0x00000000ec400000,0x00000000ec7fab00,0x00000000ec800000)
  to   space 4096K, 0% used [0x00000000ec800000,0x00000000ec800000,0x00000000ecc00000)
 ParOldGen       total 68608K, used 2445K [0x00000000c0000000, 0x00000000c4300000, 0x00000000eab00000)
  object space 68608K, 3% used [0x00000000c0000000,0x00000000c0263728,0x00000000c4300000)
 Metaspace       used 21085K, committed 21504K, reserved 1114112K
  class space    used 2158K, committed 2368K, reserved 1048576K
}
Event: 1.786 GC heap after
{Heap after GC invocations=4 (full 0):
 PSYoungGen      total 29696K, used 4080K [0x00000000eab00000, 0x00000000ecc00000, 0x0000000100000000)
  eden space 25600K, 0% used [0x00000000eab00000,0x00000000eab00000,0x00000000ec400000)
  from space 4096K, 99% used [0x00000000ec800000,0x00000000ecbfc330,0x00000000ecc00000)
  to   space 4096K, 0% used [0x00000000ec400000,0x00000000ec400000,0x00000000ec800000)
 ParOldGen       total 68608K, used 2900K [0x00000000c0000000, 0x00000000c4300000, 0x00000000eab00000)
  object space 68608K, 4% used [0x00000000c0000000,0x00000000c02d5328,0x00000000c4300000)
 Metaspace       used 21085K, committed 21504K, reserved 1114112K
  class space    used 2158K, committed 2368K, reserved 1048576K
}
Event: 1.786 GC heap before
{Heap before GC invocations=5 (full 1):
 PSYoungGen      total 29696K, used 4080K [0x00000000eab00000, 0x00000000ecc00000, 0x0000000100000000)
  eden space 25600K, 0% used [0x00000000eab00000,0x00000000eab00000,0x00000000ec400000)
  from space 4096K, 99% used [0x00000000ec800000,0x00000000ecbfc330,0x00000000ecc00000)
  to   space 4096K, 0% used [0x00000000ec400000,0x00000000ec400000,0x00000000ec800000)
 ParOldGen       total 68608K, used 2900K [0x00000000c0000000, 0x00000000c4300000, 0x00000000eab00000)
  object space 68608K, 4% used [0x00000000c0000000,0x00000000c02d5328,0x00000000c4300000)
 Metaspace       used 21085K, committed 21504K, reserved 1114112K
  class space    used 2158K, committed 2368K, reserved 1048576K
}
Event: 1.802 GC heap after
{Heap after GC invocations=5 (full 1):
 PSYoungGen      total 29696K, used 0K [0x00000000eab00000, 0x00000000ecc00000, 0x0000000100000000)
  eden space 25600K, 0% used [0x00000000eab00000,0x00000000eab00000,0x00000000ec400000)
  from space 4096K, 0% used [0x00000000ec800000,0x00000000ec800000,0x00000000ecc00000)
  to   space 4096K, 0% used [0x00000000ec400000,0x00000000ec400000,0x00000000ec800000)
 ParOldGen       total 68608K, used 6787K [0x00000000c0000000, 0x00000000c4300000, 0x00000000eab00000)
  object space 68608K, 9% used [0x00000000c0000000,0x00000000c06a0e38,0x00000000c4300000)
 Metaspace       used 21072K, committed 21504K, reserved 1114112K
  class space    used 2154K, committed 2368K, reserved 1048576K
}
Event: 2.012 GC heap before
{Heap before GC invocations=6 (full 1):
 PSYoungGen      total 29696K, used 25600K [0x00000000eab00000, 0x00000000ecc00000, 0x0000000100000000)
  eden space 25600K, 100% used [0x00000000eab00000,0x00000000ec400000,0x00000000ec400000)
  from space 4096K, 0% used [0x00000000ec800000,0x00000000ec800000,0x00000000ecc00000)
  to   space 4096K, 0% used [0x00000000ec400000,0x00000000ec400000,0x00000000ec800000)
 ParOldGen       total 68608K, used 6787K [0x00000000c0000000, 0x00000000c4300000, 0x00000000eab00000)
  object space 68608K, 9% used [0x00000000c0000000,0x00000000c06a0e38,0x00000000c4300000)
 Metaspace       used 24127K, committed 24640K, reserved 1114112K
  class space    used 2389K, committed 2624K, reserved 1048576K
}
Event: 2.013 GC heap after
{Heap after GC invocations=6 (full 1):
 PSYoungGen      total 26112K, used 760K [0x00000000eab00000, 0x00000000ec880000, 0x0000000100000000)
  eden space 25088K, 0% used [0x00000000eab00000,0x00000000eab00000,0x00000000ec380000)
  from space 1024K, 74% used [0x00000000ec400000,0x00000000ec4be198,0x00000000ec500000)
  to   space 2560K, 0% used [0x00000000ec600000,0x00000000ec600000,0x00000000ec880000)
 ParOldGen       total 68608K, used 6795K [0x00000000c0000000, 0x00000000c4300000, 0x00000000eab00000)
  object space 68608K, 9% used [0x00000000c0000000,0x00000000c06a2e38,0x00000000c4300000)
 Metaspace       used 24127K, committed 24640K, reserved 1114112K
  class space    used 2389K, committed 2624K, reserved 1048576K
}

Dll operation events (9 events):
Event: 0.011 Loaded shared library c:\Users\aluno.LABINFO\.vscode\extensions\redhat.java-1.29.0-win32-x64\jre\17.0.10-win32-x86_64\bin\java.dll
Event: 0.104 Loaded shared library c:\Users\aluno.LABINFO\.vscode\extensions\redhat.java-1.29.0-win32-x64\jre\17.0.10-win32-x86_64\bin\zip.dll
Event: 0.106 Loaded shared library C:\Users\aluno.LABINFO\.vscode\extensions\redhat.java-1.29.0-win32-x64\jre\17.0.10-win32-x86_64\bin\instrument.dll
Event: 0.116 Loaded shared library C:\Users\aluno.LABINFO\.vscode\extensions\redhat.java-1.29.0-win32-x64\jre\17.0.10-win32-x86_64\bin\net.dll
Event: 0.118 Loaded shared library C:\Users\aluno.LABINFO\.vscode\extensions\redhat.java-1.29.0-win32-x64\jre\17.0.10-win32-x86_64\bin\nio.dll
Event: 0.122 Loaded shared library C:\Users\aluno.LABINFO\.vscode\extensions\redhat.java-1.29.0-win32-x64\jre\17.0.10-win32-x86_64\bin\zip.dll
Event: 0.132 Loaded shared library C:\Users\aluno.LABINFO\.vscode\extensions\redhat.java-1.29.0-win32-x64\jre\17.0.10-win32-x86_64\bin\jimage.dll
Event: 0.179 Loaded shared library c:\Users\aluno.LABINFO\.vscode\extensions\redhat.java-1.29.0-win32-x64\jre\17.0.10-win32-x86_64\bin\verify.dll
Event: 0.999 Loaded shared library C:\Users\aluno.LABINFO\AppData\Roaming\Code\User\globalStorage\redhat.java\1.29.0\config_ss_win\org.eclipse.equinox.launcher\org.eclipse.equinox.launcher.win32.win32.x86_64_1.2.900.v20240213-1244\eclipse_11900.dll

Deoptimization events (20 events):
Event: 1.777 Thread 0x0000028728dd27f0 Uncommon trap: trap_request=0xffffff45 fr.pc=0x0000028719c38274 relative=0x0000000000000074
Event: 1.777 Thread 0x0000028728dd27f0 Uncommon trap: reason=unstable_if action=reinterpret pc=0x0000028719c38274 method=jdk.internal.misc.Unsafe.convEndian(ZJ)J @ 4 c2
Event: 1.777 Thread 0x0000028728dd27f0 DEOPT PACKING pc=0x0000028719c38274 sp=0x000000ed756f7a70
Event: 1.777 Thread 0x0000028728dd27f0 DEOPT UNPACKING pc=0x00000287196a9ea3 sp=0x000000ed756f7998 mode 2
Event: 1.777 Thread 0x0000028728dd27f0 Uncommon trap: trap_request=0xffffff45 fr.pc=0x0000028719c86314 relative=0x0000000000000094
Event: 1.777 Thread 0x0000028728dd27f0 Uncommon trap: reason=unstable_if action=reinterpret pc=0x0000028719c86314 method=jdk.internal.misc.Unsafe.getLongUnaligned(Ljava/lang/Object;J)J @ 7 c2
Event: 1.777 Thread 0x0000028728dd27f0 DEOPT PACKING pc=0x0000028719c86314 sp=0x000000ed756f79e0
Event: 1.777 Thread 0x0000028728dd27f0 DEOPT UNPACKING pc=0x00000287196a9ea3 sp=0x000000ed756f7990 mode 2
Event: 1.804 Thread 0x0000028728dd27f0 Uncommon trap: trap_request=0xffffff45 fr.pc=0x0000028719c1bfc8 relative=0x0000000000000048
Event: 1.804 Thread 0x0000028728dd27f0 Uncommon trap: reason=unstable_if action=reinterpret pc=0x0000028719c1bfc8 method=java.lang.CharacterData.of(I)Ljava/lang/CharacterData; @ 4 c2
Event: 1.804 Thread 0x0000028728dd27f0 DEOPT PACKING pc=0x0000028719c1bfc8 sp=0x000000ed756f89e0
Event: 1.804 Thread 0x0000028728dd27f0 DEOPT UNPACKING pc=0x00000287196a9ea3 sp=0x000000ed756f8978 mode 2
Event: 1.913 Thread 0x0000028728dd27f0 Uncommon trap: trap_request=0xffffff45 fr.pc=0x0000028719ce026c relative=0x00000000000007ac
Event: 1.913 Thread 0x0000028728dd27f0 Uncommon trap: reason=unstable_if action=reinterpret pc=0x0000028719ce026c method=org.lombokweb.asm.ClassReader.readUTF8(I[C)Ljava/lang/String; @ 11 c2
Event: 1.913 Thread 0x0000028728dd27f0 DEOPT PACKING pc=0x0000028719ce026c sp=0x000000ed756ef560
Event: 1.913 Thread 0x0000028728dd27f0 DEOPT UNPACKING pc=0x00000287196a9ea3 sp=0x000000ed756ef558 mode 2
Event: 2.123 Thread 0x0000028728dd27f0 Uncommon trap: trap_request=0xffffff45 fr.pc=0x0000028719cea5a0 relative=0x0000000000000200
Event: 2.123 Thread 0x0000028728dd27f0 Uncommon trap: reason=unstable_if action=reinterpret pc=0x0000028719cea5a0 method=org.lombokweb.asm.Label.resolve([BLorg/lombokweb/asm/ByteVector;I)Z @ 81 c2
Event: 2.123 Thread 0x0000028728dd27f0 DEOPT PACKING pc=0x0000028719cea5a0 sp=0x000000ed756f27e0
Event: 2.123 Thread 0x0000028728dd27f0 DEOPT UNPACKING pc=0x00000287196a9ea3 sp=0x000000ed756f2750 mode 2

Classes unloaded (7 events):
Event: 1.788 Thread 0x0000028728cf0c20 Unloading class 0x000000010021a400 'java/lang/invoke/LambdaForm$MH+0x000000010021a400'
Event: 1.788 Thread 0x0000028728cf0c20 Unloading class 0x000000010021a000 'java/lang/invoke/LambdaForm$MH+0x000000010021a000'
Event: 1.788 Thread 0x0000028728cf0c20 Unloading class 0x0000000100219c00 'java/lang/invoke/LambdaForm$MH+0x0000000100219c00'
Event: 1.788 Thread 0x0000028728cf0c20 Unloading class 0x0000000100219800 'java/lang/invoke/LambdaForm$MH+0x0000000100219800'
Event: 1.788 Thread 0x0000028728cf0c20 Unloading class 0x0000000100219400 'java/lang/invoke/LambdaForm$BMH+0x0000000100219400'
Event: 1.788 Thread 0x0000028728cf0c20 Unloading class 0x0000000100219000 'java/lang/invoke/LambdaForm$DMH+0x0000000100219000'
Event: 1.788 Thread 0x0000028728cf0c20 Unloading class 0x0000000100214400 'java/lang/invoke/LambdaForm$DMH+0x0000000100214400'

Classes redefined (0 events):
No events

Internal exceptions (20 events):
Event: 1.605 Thread 0x0000028728dd27f0 Exception <a 'java/lang/NoSuchMethodError'{0x00000000ebff18d8}: 'int java.lang.invoke.DirectMethodHandle$Holder.invokeSpecial(java.lang.Object, java.lang.Object, java.lang.Object, int)'> (0x00000000ebff18d8) 
thrown [s\src\hotspot\share\interpreter\linkResolver.cpp, line 759]
Event: 1.609 Thread 0x0000028728dd27f0 Exception <a 'java/lang/NoSuchMethodError'{0x00000000ec00e038}: 'java.lang.Object java.lang.invoke.DirectMethodHandle$Holder.invokeStatic(java.lang.Object, java.lang.Object, java.lang.Object, java.lang.Object, int)'> (0x00000000ec00e038) 
thrown [s\src\hotspot\share\interpreter\linkResolver.cpp, line 759]
Event: 1.611 Thread 0x0000028728dd27f0 Exception <a 'java/lang/NoSuchMethodError'{0x00000000ec01a030}: 'java.lang.Object java.lang.invoke.DelegatingMethodHandle$Holder.reinvoke_L(java.lang.Object, java.lang.Object, java.lang.Object, java.lang.Object, int, int)'> (0x00000000ec01a030) 
thrown [s\src\hotspot\share\interpreter\linkResolver.cpp, line 759]
Event: 1.612 Thread 0x0000028728dd27f0 Exception <a 'java/lang/NoSuchMethodError'{0x00000000ec02e850}: 'java.lang.Object java.lang.invoke.Invokers$Holder.invokeExact_MT(java.lang.Object, java.lang.Object, java.lang.Object, java.lang.Object)'> (0x00000000ec02e850) 
thrown [s\src\hotspot\share\interpreter\linkResolver.cpp, line 759]
Event: 1.654 Thread 0x0000028728dd27f0 Exception <a 'java/io/FileNotFoundException'{0x00000000ec2a5f70}> (0x00000000ec2a5f70) 
thrown [s\src\hotspot\share\prims\jni.cpp, line 516]
Event: 1.655 Thread 0x0000028728dd27f0 Exception <a 'java/io/FileNotFoundException'{0x00000000ec2c5020}> (0x00000000ec2c5020) 
thrown [s\src\hotspot\share\prims\jni.cpp, line 516]
Event: 1.699 Thread 0x0000028728dd27f0 Exception <a 'java/lang/NoSuchMethodError'{0x00000000eacc5ff8}: 'java.lang.Object java.lang.invoke.DirectMethodHandle$Holder.newInvokeSpecial(java.lang.Object, java.lang.Object, java.lang.Object, java.lang.Object, java.lang.Object)'> (0x00000000eacc5ff8) 
thrown [s\src\hotspot\share\interpreter\linkResolver.cpp, line 759]
Event: 1.725 Thread 0x0000028728dd27f0 Exception <a 'java/lang/NoSuchMethodError'{0x00000000eadfeea8}: 'java.lang.Object java.lang.invoke.DirectMethodHandle$Holder.invokeStaticInit(java.lang.Object, int)'> (0x00000000eadfeea8) 
thrown [s\src\hotspot\share\interpreter\linkResolver.cpp, line 759]
Event: 1.764 Thread 0x0000028728dd27f0 Exception <a 'java/lang/NoSuchMethodError'{0x00000000eb01a430}: 'java.lang.Object java.lang.invoke.DirectMethodHandle$Holder.invokeSpecial(java.lang.Object, java.lang.Object, java.lang.Object, long, java.lang.Object)'> (0x00000000eb01a430) 
thrown [s\src\hotspot\share\interpreter\linkResolver.cpp, line 759]
Event: 1.764 Thread 0x0000028728dd27f0 Exception <a 'java/lang/NoSuchMethodError'{0x00000000eb0225e8}: 'java.lang.Object java.lang.invoke.DirectMethodHandle$Holder.newInvokeSpecial(java.lang.Object, java.lang.Object, java.lang.Object, long)'> (0x00000000eb0225e8) 
thrown [s\src\hotspot\share\interpreter\linkResolver.cpp, line 759]
Event: 1.764 Thread 0x0000028728dd27f0 Exception <a 'java/lang/NoSuchMethodError'{0x00000000eb026b88}: 'java.lang.Object java.lang.invoke.DirectMethodHandle$Holder.invokeSpecial(java.lang.Object, java.lang.Object, java.lang.Object, java.lang.Object, long)'> (0x00000000eb026b88) 
thrown [s\src\hotspot\share\interpreter\linkResolver.cpp, line 759]
Event: 1.764 Thread 0x0000028728dd27f0 Exception <a 'java/lang/NoSuchMethodError'{0x00000000eb02aa00}: 'java.lang.Object java.lang.invoke.Invokers$Holder.linkToTargetMethod(java.lang.Object, java.lang.Object, long, java.lang.Object)'> (0x00000000eb02aa00) 
thrown [s\src\hotspot\share\interpreter\linkResolver.cpp, line 759]
Event: 1.770 Thread 0x0000028728dd27f0 Exception <a 'java/lang/NoSuchMethodError'{0x00000000eb0ad218}: 'int java.lang.invoke.DirectMethodHandle$Holder.invokeStaticInit(java.lang.Object, java.lang.Object, java.lang.Object)'> (0x00000000eb0ad218) 
thrown [s\src\hotspot\share\interpreter\linkResolver.cpp, line 759]
Event: 1.813 Thread 0x0000028728dd27f0 Exception <a 'java/lang/IncompatibleClassChangeError'{0x00000000eabda720}: Found class java.lang.Object, but interface was expected> (0x00000000eabda720) 
thrown [s\src\hotspot\share\interpreter\linkResolver.cpp, line 826]
Event: 1.818 Thread 0x0000028728dd27f0 Exception <a 'java/lang/NoSuchMethodError'{0x00000000eac41710}: 'java.lang.Object java.lang.invoke.DirectMethodHandle$Holder.invokeSpecial(java.lang.Object, java.lang.Object, java.lang.Object, int, java.lang.Object, java.lang.Object)'> (0x00000000eac41710) 
thrown [s\src\hotspot\share\interpreter\linkResolver.cpp, line 759]
Event: 1.818 Thread 0x0000028728dd27f0 Exception <a 'java/lang/NoSuchMethodError'{0x00000000eac49e98}: 'java.lang.Object java.lang.invoke.DirectMethodHandle$Holder.newInvokeSpecial(java.lang.Object, java.lang.Object, java.lang.Object, int, java.lang.Object)'> (0x00000000eac49e98) 
thrown [s\src\hotspot\share\interpreter\linkResolver.cpp, line 759]
Event: 1.818 Thread 0x0000028728dd27f0 Exception <a 'java/lang/NoSuchMethodError'{0x00000000eac4e2f0}: 'java.lang.Object java.lang.invoke.DirectMethodHandle$Holder.invokeSpecial(java.lang.Object, java.lang.Object, java.lang.Object, java.lang.Object, int, java.lang.Object)'> (0x00000000eac4e2f0) 
thrown [s\src\hotspot\share\interpreter\linkResolver.cpp, line 759]
Event: 1.819 Thread 0x0000028728dd3720 Exception <a 'java/lang/NoSuchMethodError'{0x00000000eac87758}: 'java.lang.Object java.lang.invoke.DirectMethodHandle$Holder.invokeSpecial(java.lang.Object, java.lang.Object, int, java.lang.Object, java.lang.Object)'> (0x00000000eac87758) 
thrown [s\src\hotspot\share\interpreter\linkResolver.cpp, line 759]
Event: 1.819 Thread 0x0000028728dd3720 Exception <a 'java/lang/NoSuchMethodError'{0x00000000eac8ee28}: 'java.lang.Object java.lang.invoke.DirectMethodHandle$Holder.newInvokeSpecial(java.lang.Object, java.lang.Object, int, java.lang.Object)'> (0x00000000eac8ee28) 
thrown [s\src\hotspot\share\interpreter\linkResolver.cpp, line 759]
Event: 1.819 Thread 0x0000028728dd3720 Exception <a 'java/lang/NoSuchMethodError'{0x00000000eac92938}: 'java.lang.Object java.lang.invoke.DirectMethodHandle$Holder.invokeSpecial(java.lang.Object, java.lang.Object, java.lang.Object, int, java.lang.Object)'> (0x00000000eac92938) 
thrown [s\src\hotspot\share\interpreter\linkResolver.cpp, line 759]

VM Operations (20 events):
Event: 1.084 Executing VM operation: HandshakeAllThreads
Event: 1.084 Executing VM operation: HandshakeAllThreads done
Event: 1.128 Executing VM operation: ParallelGCFailedAllocation
Event: 1.135 Executing VM operation: ParallelGCFailedAllocation done
Event: 1.531 Executing VM operation: HandshakeAllThreads
Event: 1.531 Executing VM operation: HandshakeAllThreads done
Event: 1.600 Executing VM operation: HandshakeAllThreads
Event: 1.600 Executing VM operation: HandshakeAllThreads done
Event: 1.671 Executing VM operation: ParallelGCFailedAllocation
Event: 1.674 Executing VM operation: ParallelGCFailedAllocation done
Event: 1.777 Executing VM operation: HandshakeAllThreads
Event: 1.777 Executing VM operation: HandshakeAllThreads done
Event: 1.784 Executing VM operation: CollectForMetadataAllocation
Event: 1.802 Executing VM operation: CollectForMetadataAllocation done
Event: 1.805 Executing VM operation: HandshakeAllThreads
Event: 1.805 Executing VM operation: HandshakeAllThreads done
Event: 1.829 Executing VM operation: HandshakeAllThreads
Event: 1.829 Executing VM operation: HandshakeAllThreads done
Event: 2.012 Executing VM operation: ParallelGCFailedAllocation
Event: 2.013 Executing VM operation: ParallelGCFailedAllocation done

Events (20 events):
Event: 1.883 loading class java/io/StringReader done
Event: 1.886 loading class java/util/zip/GZIPInputStream
Event: 1.886 loading class java/util/zip/GZIPInputStream done
Event: 1.888 loading class java/net/SocketTimeoutException
Event: 1.888 loading class java/io/InterruptedIOException
Event: 1.888 loading class java/io/InterruptedIOException done
Event: 1.888 loading class java/net/SocketTimeoutException done
Event: 1.888 loading class java/net/SocketException
Event: 1.888 loading class java/net/SocketException done
Event: 1.888 loading class java/net/UnknownHostException
Event: 1.888 loading class java/net/UnknownHostException done
Event: 1.888 loading class java/net/ProtocolException
Event: 1.888 loading class java/net/ProtocolException done
Event: 1.903 loading class java/lang/ThreadLocal$SuppliedThreadLocal
Event: 1.903 loading class java/lang/ThreadLocal$SuppliedThreadLocal done
Event: 1.933 Thread 0x0000028728f17c20 Thread added: 0x0000028728f17c20
Event: 1.943 loading class java/io/FileWriter
Event: 1.943 loading class java/io/FileWriter done
Event: 1.949 loading class java/lang/NegativeArraySizeException
Event: 1.949 loading class java/lang/NegativeArraySizeException done


Dynamic libraries:
0x00007ff726de0000 - 0x00007ff726dee000 	c:\Users\aluno.LABINFO\.vscode\extensions\redhat.java-1.29.0-win32-x64\jre\17.0.10-win32-x86_64\bin\java.exe
0x00007ffd01a50000 - 0x00007ffd01c48000 	C:\Windows\SYSTEM32\ntdll.dll
0x00007ffd00220000 - 0x00007ffd002dd000 	C:\Windows\System32\KERNEL32.DLL
0x00007ffcff360000 - 0x00007ffcff656000 	C:\Windows\System32\KERNELBASE.dll
0x00007ffcff850000 - 0x00007ffcff950000 	C:\Windows\System32\ucrtbase.dll
0x00007ffcfa550000 - 0x00007ffcfa567000 	c:\Users\aluno.LABINFO\.vscode\extensions\redhat.java-1.29.0-win32-x64\jre\17.0.10-win32-x86_64\bin\jli.dll
0x00007ffcfa650000 - 0x00007ffcfa66b000 	c:\Users\aluno.LABINFO\.vscode\extensions\redhat.java-1.29.0-win32-x64\jre\17.0.10-win32-x86_64\bin\VCRUNTIME140.dll
0x00007ffd00e50000 - 0x00007ffd00fee000 	C:\Windows\System32\USER32.dll
0x00007ffcebd30000 - 0x00007ffcebfca000 	C:\Windows\WinSxS\amd64_microsoft.windows.common-controls_6595b64144ccf1df_6.0.19041.3636_none_60b6a03d71f818d5\COMCTL32.dll
0x00007ffcff660000 - 0x00007ffcff682000 	C:\Windows\System32\win32u.dll
0x00007ffd000b0000 - 0x00007ffd0014e000 	C:\Windows\System32\msvcrt.dll
0x00007ffcfffb0000 - 0x00007ffcfffdc000 	C:\Windows\System32\GDI32.dll
0x00007ffcff730000 - 0x00007ffcff84a000 	C:\Windows\System32\gdi32full.dll
0x00007ffcff690000 - 0x00007ffcff72d000 	C:\Windows\System32\msvcp_win.dll
0x00007ffd012e0000 - 0x00007ffd01310000 	C:\Windows\System32\IMM32.DLL
0x00007ffcfc3a0000 - 0x00007ffcfc3ac000 	c:\Users\aluno.LABINFO\.vscode\extensions\redhat.java-1.29.0-win32-x64\jre\17.0.10-win32-x86_64\bin\vcruntime140_1.dll
0x00007ffcd9fd0000 - 0x00007ffcda05d000 	c:\Users\aluno.LABINFO\.vscode\extensions\redhat.java-1.29.0-win32-x64\jre\17.0.10-win32-x86_64\bin\msvcp140.dll
0x00007ffcabe60000 - 0x00007ffcacac2000 	c:\Users\aluno.LABINFO\.vscode\extensions\redhat.java-1.29.0-win32-x64\jre\17.0.10-win32-x86_64\bin\server\jvm.dll
0x00007ffd00cd0000 - 0x00007ffd00d83000 	C:\Windows\System32\ADVAPI32.dll
0x00007ffcffaa0000 - 0x00007ffcffb3f000 	C:\Windows\System32\sechost.dll
0x00007ffd00370000 - 0x00007ffd00496000 	C:\Windows\System32\RPCRT4.dll
0x00007ffcffa00000 - 0x00007ffcffa27000 	C:\Windows\System32\bcrypt.dll
0x00007ffcf13f0000 - 0x00007ffcf1417000 	C:\Windows\SYSTEM32\WINMM.dll
0x00007ffcfeb30000 - 0x00007ffcfeb7b000 	C:\Windows\SYSTEM32\POWRPROF.dll
0x00007ffcf21e0000 - 0x00007ffcf21e9000 	C:\Windows\SYSTEM32\WSOCK32.dll
0x00007ffcf7bd0000 - 0x00007ffcf7bda000 	C:\Windows\SYSTEM32\VERSION.dll
0x00007ffd00150000 - 0x00007ffd001bb000 	C:\Windows\System32\WS2_32.dll
0x00007ffcfeb10000 - 0x00007ffcfeb22000 	C:\Windows\SYSTEM32\UMPDC.dll
0x00007ffcfd840000 - 0x00007ffcfd852000 	C:\Windows\SYSTEM32\kernel.appcore.dll
0x00007ffcfa680000 - 0x00007ffcfa68a000 	c:\Users\aluno.LABINFO\.vscode\extensions\redhat.java-1.29.0-win32-x64\jre\17.0.10-win32-x86_64\bin\jimage.dll
0x00007ffcfd430000 - 0x00007ffcfd614000 	C:\Windows\SYSTEM32\DBGHELP.DLL
0x00007ffceb860000 - 0x00007ffceb894000 	C:\Windows\SYSTEM32\dbgcore.DLL
0x00007ffcff2d0000 - 0x00007ffcff352000 	C:\Windows\System32\bcryptPrimitives.dll
0x00007ffcfa5e0000 - 0x00007ffcfa5ee000 	c:\Users\aluno.LABINFO\.vscode\extensions\redhat.java-1.29.0-win32-x64\jre\17.0.10-win32-x86_64\bin\instrument.dll
0x00007ffcf75b0000 - 0x00007ffcf75d5000 	c:\Users\aluno.LABINFO\.vscode\extensions\redhat.java-1.29.0-win32-x64\jre\17.0.10-win32-x86_64\bin\java.dll
0x00007ffcf92c0000 - 0x00007ffcf92d8000 	c:\Users\aluno.LABINFO\.vscode\extensions\redhat.java-1.29.0-win32-x64\jre\17.0.10-win32-x86_64\bin\zip.dll
0x00007ffd004a0000 - 0x00007ffd00be5000 	C:\Windows\System32\SHELL32.dll
0x00007ffcfcbc0000 - 0x00007ffcfd35b000 	C:\Windows\SYSTEM32\windows.storage.dll
0x00007ffd01620000 - 0x00007ffd01974000 	C:\Windows\System32\combase.dll
0x00007ffcfe9a0000 - 0x00007ffcfe9cd000 	C:\Windows\SYSTEM32\Wldp.dll
0x00007ffd01450000 - 0x00007ffd014fd000 	C:\Windows\System32\SHCORE.dll
0x00007ffd001c0000 - 0x00007ffd00215000 	C:\Windows\System32\shlwapi.dll
0x00007ffcff050000 - 0x00007ffcff075000 	C:\Windows\SYSTEM32\profapi.dll
0x00007ffcf6db0000 - 0x00007ffcf6dc9000 	C:\Users\aluno.LABINFO\.vscode\extensions\redhat.java-1.29.0-win32-x64\jre\17.0.10-win32-x86_64\bin\net.dll
0x00007ffcf9440000 - 0x00007ffcf954a000 	C:\Windows\SYSTEM32\WINHTTP.dll
0x00007ffcfe780000 - 0x00007ffcfe7ea000 	C:\Windows\system32\mswsock.dll
0x00007ffcf6d90000 - 0x00007ffcf6da6000 	C:\Users\aluno.LABINFO\.vscode\extensions\redhat.java-1.29.0-win32-x64\jre\17.0.10-win32-x86_64\bin\nio.dll
0x00007ffcfa540000 - 0x00007ffcfa550000 	c:\Users\aluno.LABINFO\.vscode\extensions\redhat.java-1.29.0-win32-x64\jre\17.0.10-win32-x86_64\bin\verify.dll
0x00007ffcec820000 - 0x00007ffcec85e000 	C:\Users\aluno.LABINFO\AppData\Roaming\Code\User\globalStorage\redhat.java\1.29.0\config_ss_win\org.eclipse.equinox.launcher\org.eclipse.equinox.launcher.win32.win32.x86_64_1.2.900.v20240213-1244\eclipse_11900.dll
0x00007ffd01310000 - 0x00007ffd0143b000 	C:\Windows\System32\ole32.dll

dbghelp: loaded successfully - version: 4.0.5 - missing functions: none
symbol engine: initialized successfully - sym options: 0x614 - pdb path: .;c:\Users\aluno.LABINFO\.vscode\extensions\redhat.java-1.29.0-win32-x64\jre\17.0.10-win32-x86_64\bin;C:\Windows\SYSTEM32;C:\Windows\WinSxS\amd64_microsoft.windows.common-controls_6595b64144ccf1df_6.0.19041.3636_none_60b6a03d71f818d5;c:\Users\aluno.LABINFO\.vscode\extensions\redhat.java-1.29.0-win32-x64\jre\17.0.10-win32-x86_64\bin\server;C:\Users\aluno.LABINFO\AppData\Roaming\Code\User\globalStorage\redhat.java\1.29.0\config_ss_win\org.eclipse.equinox.launcher\org.eclipse.equinox.launcher.win32.win32.x86_64_1.2.900.v20240213-1244

VM Arguments:
jvm_args: --add-modules=ALL-SYSTEM --add-opens=java.base/java.util=ALL-UNNAMED --add-opens=java.base/java.lang=ALL-UNNAMED --add-opens=java.base/sun.nio.fs=ALL-UNNAMED -Declipse.application=org.eclipse.jdt.ls.core.id1 -Dosgi.bundles.defaultStartLevel=4 -Declipse.product=org.eclipse.jdt.ls.core.product -Djava.import.generatesMetadataFilesAtProjectRoot=false -DDetectVMInstallationsJob.disabled=true -Dfile.encoding=utf8 -XX:+UseParallelGC -XX:GCTimeRatio=4 -XX:AdaptiveSizePolicyWeight=90 -Dsun.zip.disableMemoryMapping=true -Xmx1G -Xms100m -Xlog:disable -javaagent:c:\Users\aluno.LABINFO\.vscode\extensions\redhat.java-1.29.0-win32-x64\lombok\lombok-1.18.32.jar 
java_command: c:\Users\aluno.LABINFO\.vscode\extensions\redhat.java-1.29.0-win32-x64\server\plugins\org.eclipse.equinox.launcher_1.6.800.v20240304-1850.jar -configuration c:\Users\aluno.LABINFO\AppData\Roaming\Code\User\globalStorage\redhat.java\1.29.0\config_ss_win -data c:\Users\aluno.LABINFO\AppData\Roaming\Code\User\workspaceStorage\c34bc353fe1a28a47b0c43840b41ac94\redhat.java\ss_ws --stdio
java_class_path (initial): c:\Users\aluno.LABINFO\.vscode\extensions\redhat.java-1.29.0-win32-x64\server\plugins\org.eclipse.equinox.launcher_1.6.800.v20240304-1850.jar
Launcher Type: SUN_STANDARD

[Global flags]
    uintx AdaptiveSizePolicyWeight                 = 90                                        {product} {command line}
     intx CICompilerCount                          = 4                                         {product} {ergonomic}
    uintx GCTimeRatio                              = 4                                         {product} {command line}
   size_t InitialHeapSize                          = 104857600                                 {product} {command line}
   size_t MaxHeapSize                              = 1073741824                                {product} {command line}
   size_t MaxNewSize                               = 357564416                                 {product} {ergonomic}
   size_t MinHeapDeltaBytes                        = 524288                                    {product} {ergonomic}
   size_t MinHeapSize                              = 104857600                                 {product} {command line}
   size_t NewSize                                  = 34603008                                  {product} {ergonomic}
    uintx NonNMethodCodeHeapSize                   = 5839372                                {pd product} {ergonomic}
    uintx NonProfiledCodeHeapSize                  = 122909434                              {pd product} {ergonomic}
   size_t OldSize                                  = 70254592                                  {product} {ergonomic}
    uintx ProfiledCodeHeapSize                     = 122909434                              {pd product} {ergonomic}
    uintx ReservedCodeCacheSize                    = 251658240                              {pd product} {ergonomic}
     bool SegmentedCodeCache                       = true                                      {product} {ergonomic}
   size_t SoftMaxHeapSize                          = 1073741824                             {manageable} {ergonomic}
     bool UseCompressedClassPointers               = true                           {product lp64_product} {ergonomic}
     bool UseCompressedOops                        = true                           {product lp64_product} {ergonomic}
     bool UseLargePagesIndividualAllocation        = false                                  {pd product} {ergonomic}
     bool UseParallelGC                            = true                                      {product} {command line}

Logging:
Log output configuration:
 #0: stdout all=off uptime,level,tags
 #1: stderr all=off uptime,level,tags

Environment Variables:
JAVA_HOME=C:\Program Files\Java\jdk-17.0.2
CLASSPATH=C:\LINGO20\Lingo20.jar
PATH=C:\Program Files (x86)\VMware\VMware Player\bin\;C:\Program Files\Microsoft MPI\Bin\;C:\Python310\Scripts\;C:\Python310\;C:\Program Files\Common Files\Oracle\Java\javapath;C:\Program Files (x86)\Common Files\Oracle\Java\javapath;C:\Windows\system32;C:\Windows;C:\Windows\System32\Wbem;C:\Windows\System32\WindowsPowerShell\v1.0\;C:\Windows\System32\OpenSSH\;C:\Program Files\MATLAB\R2016b\bin;C:\Program Files\Microsoft VS Code\bin;C:\Program Files\nodejs\;C:\ProgramData\chocolatey\bin;C:\ProgramData\UNIVALI\Portugol Studio;C:\Program Files (x86)\Microsoft SQL Server\150\DTS\Binn\;C:\Program Files\Azure Data Studio\bin;C:\Program Files\Microsoft SQL Server\120\Tools\Binn\;C:\Program Files (x86)\Windows Kits\8.1\Windows Performance Toolkit\;C:\Program Files (x86)\Common Files\EpsonRC\exe;C:\Program Files (x86)\Microsoft SQL Server\160\Tools\Binn\;C:\Program Files\Microsoft SQL Server\160\Tools\Binn\;C:\Program Files\Microsoft SQL Server\Client SDK\ODBC\170\Tools\Binn\;C:\Program Files\Microsoft SQL Server\160\DTS\Binn\;C:\Program Files (x86)\dotnet\;C:\Program Files (x86)\CODESYS\APInstaller\;C:\LINGO20\;C:\Program Files\Docker\Docker\resources\bin;C:\Program Files\Git\cmd;C:\Program Files\dotnet\;C:\Users\aluno.LABINFO\AppData\Local\Microsoft\WindowsApps;C:\Users\aluno.LABINFO\AppData\Local\GitHubDesktop\bin
USERNAME=aluno
OS=Windows_NT
PROCESSOR_IDENTIFIER=Intel64 Family 6 Model 140 Stepping 1, GenuineIntel
TMP=C:\Users\ALUNO~1.LAB\AppData\Local\Temp
TEMP=C:\Users\ALUNO~1.LAB\AppData\Local\Temp



Periodic native trim disabled


---------------  S Y S T E M  ---------------

OS:
 Windows 10 , 64 bit Build 19041 (10.0.19041.3636)
OS uptime: 57 days 5:44 hours
Hyper-V role detected

CPU: total 8 (initial active 8) (4 cores per cpu, 2 threads per core) family 6 model 140 stepping 1 microcode 0x8a, cx8, cmov, fxsr, ht, mmx, 3dnowpref, sse, sse2, sse3, ssse3, sse4.1, sse4.2, popcnt, lzcnt, tsc, tscinvbit, avx, avx2, aes, erms, clmul, bmi1, bmi2, adx, avx512f, avx512dq, avx512cd, avx512bw, avx512vl, sha, fma, vzeroupper, avx512_vpopcntdq, avx512_vpclmulqdq, avx512_vaes, avx512_vnni, clflush, clflushopt, clwb, avx512_vbmi2, avx512_vbmi, hv
Processor Information for all 8 processors :
  Max Mhz: 2419, Current Mhz: 2419, Mhz Limit: 2419

Memory: 4k page, system-wide physical 7991M (1270M free)
TotalPageFile size 11991M (AvailPageFile size 5M)
current process WorkingSet (physical memory assigned to process): 125M, peak: 125M
current process commit charge ("private bytes"): 233M, peak: 233M

vm_info: OpenJDK 64-Bit Server VM (17.0.10+7) for windows-amd64 JRE (17.0.10+7), built on Jan 16 2024 23:25:11 by "admin" with MS VC++ 16.10 / 16.11 (VS2019)

END.
